<?xml version="1.0" encoding="utf-8"?><testsuites name="pytest tests"><testsuite name="pytest" errors="0" failures="1" skipped="0" tests="11" time="4.609" timestamp="2026-04-20T10:41:09.029975+00:00" hostname="agent-env-cdb60a31-7ae0-441a-9791-a52384d962e4"><testcase classname="backend.tests.test_billing" name="test_billing_packages_public" time="0.214" /><testcase classname="backend.tests.test_billing" name="test_billing_me_requires_auth" time="0.142" /><testcase classname="backend.tests.test_billing" name="test_billing_me_returns_structure_for_free_user" time="0.111" /><testcase classname="backend.tests.test_billing" name="test_billing_me_ultimate_user_tier" time="0.202" /><testcase classname="backend.tests.test_billing" name="test_checkout_requires_auth" time="0.108" /><testcase classname="backend.tests.test_billing" name="test_checkout_invalid_package_returns_400" time="0.118" /><testcase classname="backend.tests.test_billing" name="test_checkout_valid_package_returns_stripe_url_and_creates_pending_tx" time="0.977"><failure message="AssertionError: {&quot;detail&quot;:&quot;Could not fetch status: Failed to retrieve session status: Request req_MuyyeWSeWsQzJj: No such checkout.session: cs_test_a196Dk2yHTDbEImQD02eO8yh9aQOzU55Cil6pBfXPdZ3SjQKk373ofIrBd&quot;}&#10;assert 502 == 200&#10; +  where 502 = &lt;Response [502]&gt;.status_code">backend/tests/test_billing.py:93: in test_checkout_valid_package_returns_stripe_url_and_creates_pending_tx
    assert st.status_code == 200, st.text
E   AssertionError: {"detail":"Could not fetch status: Failed to retrieve session status: Request req_MuyyeWSeWsQzJj: No such checkout.session: cs_test_a196Dk2yHTDbEImQD02eO8yh9aQOzU55Cil6pBfXPdZ3SjQKk373ofIrBd"}
E   assert 502 == 200
E    +  where 502 = &lt;Response [502]&gt;.status_code</failure></testcase><testcase classname="backend.tests.test_billing" name="test_checkout_subscription_package_also_returns_url" time="0.570" /><testcase classname="backend.tests.test_billing" name="test_billing_status_requires_owner" time="0.798" /><testcase classname="backend.tests.test_billing" name="test_billing_status_idempotent_no_double_grant_on_unpaid" time="1.165" /><testcase classname="backend.tests.test_billing" name="test_panel_image_402_when_zero_credits_free_tier" time="0.107" /></testsuite></testsuites>