<?xml version="1.0" encoding="utf-8"?><testsuites name="pytest tests"><testsuite name="pytest" errors="0" failures="0" skipped="0" tests="24" time="25.995" timestamp="2026-04-23T03:53:12.912685+00:00" hostname="agent-env-cdb60a31-7ae0-441a-9791-a52384d962e4"><testcase classname="backend.tests.test_roles_xp_profile.TestRoleSeeding" name="test_founder_user_has_correct_fields" time="0.006" /><testcase classname="backend.tests.test_roles_xp_profile.TestRoleSeeding" name="test_cofounder_user_has_correct_fields" time="0.002" /><testcase classname="backend.tests.test_roles_xp_profile.TestRoleSeeding" name="test_free_user_defaults" time="0.002" /><testcase classname="backend.tests.test_roles_xp_profile.TestProfileMe" name="test_requires_auth" time="0.181" /><testcase classname="backend.tests.test_roles_xp_profile.TestProfileMe" name="test_founder_profile_fields" time="0.119" /><testcase classname="backend.tests.test_roles_xp_profile.TestProfileMe" name="test_cofounder_profile" time="0.133" /><testcase classname="backend.tests.test_roles_xp_profile.TestProfileMe" name="test_free_profile" time="0.153" /><testcase classname="backend.tests.test_roles_xp_profile.TestProfilePublic" name="test_public_no_auth_required_hides_private_fields" time="0.105" /><testcase classname="backend.tests.test_roles_xp_profile.TestProfilePublic" name="test_public_not_found" time="0.107" /><testcase classname="backend.tests.test_roles_xp_profile.TestXPOnComics" name="test_first_comic_awards_50xp_and_first_steps_achievement" time="0.155" /><testcase classname="backend.tests.test_roles_xp_profile.TestXPOnComics" name="test_second_comic_awards_20xp" time="0.102" /><testcase classname="backend.tests.test_roles_xp_profile.TestXPOnComics" name="test_share_first_time_awards_10xp_idempotent" time="0.238" /><testcase classname="backend.tests.test_roles_xp_profile.TestPanelImageCreditBypass" name="test_free_user_with_zero_credits_returns_402" time="0.244" /><testcase classname="backend.tests.test_roles_xp_profile.TestPanelImageCreditBypass" name="test_founder_with_zero_credits_bypasses_402" time="23.518" /><testcase classname="backend.tests.test_roles_xp_profile.TestAdminPromote" name="test_non_founder_cannot_promote" time="0.048" /><testcase classname="backend.tests.test_roles_xp_profile.TestAdminPromote" name="test_promote_nonexistent_email_404" time="0.052" /><testcase classname="backend.tests.test_roles_xp_profile.TestAdminPromote" name="test_founder_promotes_to_promoter_sets_unlimited_and_ultimate" time="0.060" /><testcase classname="backend.tests.test_roles_xp_profile.TestAdminUsers" name="test_non_founder_forbidden" time="0.044" /><testcase classname="backend.tests.test_roles_xp_profile.TestAdminUsers" name="test_founder_lists_users" time="0.049" /><testcase classname="backend.tests.test_roles_xp_profile.TestAdminUsers" name="test_cofounder_can_list_users" time="0.055" /><testcase classname="backend.tests.test_roles_xp_profile.TestRegression" name="test_billing_packages" time="0.134" /><testcase classname="backend.tests.test_roles_xp_profile.TestRegression" name="test_subscriptions_config" time="0.124" /><testcase classname="backend.tests.test_roles_xp_profile.TestRegression" name="test_comics_list_for_free_user" time="0.054" /><testcase classname="backend.tests.test_roles_xp_profile.TestRegression" name="test_public_share_endpoint_still_works" time="0.157" /></testsuite></testsuites>