<?xml version="1.0" encoding="utf-8"?><testsuites name="pytest tests"><testsuite name="pytest" errors="0" failures="0" skipped="0" tests="28" time="4.193" timestamp="2026-04-24T04:46:04.991175+00:00" hostname="agent-env-cdb60a31-7ae0-441a-9791-a52384d962e4"><testcase classname="backend.tests.test_iter7_discover_events.TestRegressionAuth" name="test_auth_me_with_founder_token" time="0.125" /><testcase classname="backend.tests.test_iter7_discover_events.TestRegressionAuth" name="test_auth_me_unauthenticated" time="0.123" /><testcase classname="backend.tests.test_iter7_discover_events.TestDiscover" name="test_discover_unauth_returns_items" time="0.110" /><testcase classname="backend.tests.test_iter7_discover_events.TestDiscover" name="test_discover_auth_attaches_flags" time="0.119" /><testcase classname="backend.tests.test_iter7_discover_events.TestDiscover" name="test_discover_sort_popular" time="0.104" /><testcase classname="backend.tests.test_iter7_discover_events.TestLikeSave" name="test_like_requires_auth" time="0.105" /><testcase classname="backend.tests.test_iter7_discover_events.TestLikeSave" name="test_like_toggle_twice" time="0.236" /><testcase classname="backend.tests.test_iter7_discover_events.TestLikeSave" name="test_like_unknown_comic_404" time="0.108" /><testcase classname="backend.tests.test_iter7_discover_events.TestLikeSave" name="test_save_requires_auth" time="0.102" /><testcase classname="backend.tests.test_iter7_discover_events.TestLikeSave" name="test_save_toggle_twice" time="0.218" /><testcase classname="backend.tests.test_iter7_discover_events.TestCollection" name="test_collection_requires_auth" time="0.113" /><testcase classname="backend.tests.test_iter7_discover_events.TestCollection" name="test_collection_reflects_saved" time="0.433" /><testcase classname="backend.tests.test_iter7_discover_events.TestCollection" name="test_collection_isolation_between_users" time="0.313" /><testcase classname="backend.tests.test_iter7_discover_events.TestEvents" name="test_list_events_public" time="0.117" /><testcase classname="backend.tests.test_iter7_discover_events.TestEvents" name="test_create_event_non_founder_forbidden" time="0.108" /><testcase classname="backend.tests.test_iter7_discover_events.TestEvents" name="test_create_event_unauth" time="0.100" /><testcase classname="backend.tests.test_iter7_discover_events.TestEvents" name="test_create_event_founder" time="0.104" /><testcase classname="backend.tests.test_iter7_discover_events.TestEvents" name="test_get_event_detail" time="0.103" /><testcase classname="backend.tests.test_iter7_discover_events.TestEvents" name="test_submit_to_event_requires_owned_comic" time="0.102" /><testcase classname="backend.tests.test_iter7_discover_events.TestEvents" name="test_submit_to_event_ok_attaches_and_publishes" time="0.220" /><testcase classname="backend.tests.test_iter7_discover_events.TestEvents" name="test_delete_event_non_founder_forbidden" time="0.108" /><testcase classname="backend.tests.test_iter7_discover_events.TestEvents" name="test_delete_event_founder_detaches_submissions" time="0.228" /><testcase classname="backend.tests.test_iter7_discover_events.TestEvents" name="test_delete_event_404" time="0.100" /><testcase classname="backend.tests.test_iter7_discover_events.TestRegressionExisting" name="test_comics_list" time="0.098" /><testcase classname="backend.tests.test_iter7_discover_events.TestRegressionExisting" name="test_profile_me" time="0.111" /><testcase classname="backend.tests.test_iter7_discover_events.TestRegressionExisting" name="test_admin_users_founder" time="0.114" /><testcase classname="backend.tests.test_iter7_discover_events.TestRegressionExisting" name="test_admin_users_forbidden_for_free" time="0.100" /><testcase classname="backend.tests.test_iter7_discover_events.TestRegressionExisting" name="test_public_share_reads" time="0.108" /></testsuite></testsuites>