<?xml version="1.0" encoding="utf-8"?><testsuites name="pytest tests"><testsuite name="pytest" errors="0" failures="0" skipped="0" tests="12" time="38.525" timestamp="2026-04-20T09:39:04.902502+00:00" hostname="agent-env-cdb60a31-7ae0-441a-9791-a52384d962e4"><testcase classname="backend.tests.backend_test" name="test_root_message" time="0.188" /><testcase classname="backend.tests.backend_test" name="test_auth_me_without_token_returns_401" time="0.102" /><testcase classname="backend.tests.backend_test" name="test_auth_session_missing_session_id_returns_400" time="0.106" /><testcase classname="backend.tests.backend_test" name="test_auth_me_with_bearer_returns_user" time="0.110" /><testcase classname="backend.tests.backend_test" name="test_list_comics_empty_or_ok" time="0.053" /><testcase classname="backend.tests.backend_test" name="test_create_comic" time="0.078" /><testcase classname="backend.tests.backend_test" name="test_get_comic" time="0.053" /><testcase classname="backend.tests.backend_test" name="test_update_comic" time="0.110" /><testcase classname="backend.tests.backend_test" name="test_list_comics_contains_created" time="0.051" /><testcase classname="backend.tests.backend_test" name="test_delete_comic" time="0.111" /><testcase classname="backend.tests.backend_test" name="test_generate_story" time="12.554" /><testcase classname="backend.tests.backend_test" name="test_generate_panel_image" time="24.867" /></testsuite></testsuites>