<?xml version="1.0" encoding="utf-8"?><testsuites name="pytest tests"><testsuite name="pytest" errors="0" failures="0" skipped="0" tests="23" time="33.196" timestamp="2026-04-20T10:42:18.435988+00:00" hostname="agent-env-cdb60a31-7ae0-441a-9791-a52384d962e4"><testcase classname="backend.tests.test_billing" name="test_billing_packages_public" time="0.151" /><testcase classname="backend.tests.test_billing" name="test_billing_me_requires_auth" time="0.131" /><testcase classname="backend.tests.test_billing" name="test_billing_me_returns_structure_for_free_user" time="0.110" /><testcase classname="backend.tests.test_billing" name="test_billing_me_ultimate_user_tier" time="0.143" /><testcase classname="backend.tests.test_billing" name="test_checkout_requires_auth" time="0.112" /><testcase classname="backend.tests.test_billing" name="test_checkout_invalid_package_returns_400" time="0.113" /><testcase classname="backend.tests.test_billing" name="test_checkout_valid_package_returns_stripe_url_and_creates_pending_tx" time="0.920" /><testcase classname="backend.tests.test_billing" name="test_checkout_subscription_package_also_returns_url" time="0.532" /><testcase classname="backend.tests.test_billing" name="test_billing_status_requires_owner" time="0.577" /><testcase classname="backend.tests.test_billing" name="test_billing_status_idempotent_no_double_grant_on_unpaid" time="1.882" /><testcase classname="backend.tests.test_billing" name="test_panel_image_402_when_zero_credits_free_tier" time="0.121" /><testcase classname="backend.tests.backend_test" name="test_root_message" time="0.103" /><testcase classname="backend.tests.backend_test" name="test_auth_me_without_token_returns_401" time="0.154" /><testcase classname="backend.tests.backend_test" name="test_auth_session_missing_session_id_returns_400" time="0.126" /><testcase classname="backend.tests.backend_test" name="test_auth_me_with_bearer_returns_user" time="0.095" /><testcase classname="backend.tests.backend_test" name="test_list_comics_empty_or_ok" time="0.048" /><testcase classname="backend.tests.backend_test" name="test_create_comic" time="0.047" /><testcase classname="backend.tests.backend_test" name="test_get_comic" time="0.047" /><testcase classname="backend.tests.backend_test" name="test_update_comic" time="0.096" /><testcase classname="backend.tests.backend_test" name="test_list_comics_contains_created" time="0.048" /><testcase classname="backend.tests.backend_test" name="test_delete_comic" time="0.098" /><testcase classname="backend.tests.backend_test" name="test_generate_story" time="11.892" /><testcase classname="backend.tests.backend_test" name="test_generate_panel_image" time="15.570" /></testsuite></testsuites>