<?xml version="1.0" encoding="utf-8"?><testsuites name="pytest tests"><testsuite name="pytest" errors="0" failures="0" skipped="0" tests="15" time="1.956" timestamp="2026-04-20T11:26:25.951100+00:00" hostname="agent-env-cdb60a31-7ae0-441a-9791-a52384d962e4"><testcase classname="backend.tests.test_share_and_subscribe.TestShare" name="test_share_requires_auth" time="0.388" /><testcase classname="backend.tests.test_share_and_subscribe.TestShare" name="test_enable_share_returns_share_id" time="0.054" /><testcase classname="backend.tests.test_share_and_subscribe.TestShare" name="test_enable_share_idempotent" time="0.050" /><testcase classname="backend.tests.test_share_and_subscribe.TestShare" name="test_share_other_user_comic_returns_404" time="0.169" /><testcase classname="backend.tests.test_share_and_subscribe.TestShare" name="test_public_get_returns_comic" time="0.110" /><testcase classname="backend.tests.test_share_and_subscribe.TestShare" name="test_public_get_unknown_share_id_returns_404" time="0.106" /><testcase classname="backend.tests.test_share_and_subscribe.TestShare" name="test_unshare_sets_is_public_false" time="0.055" /><testcase classname="backend.tests.test_share_and_subscribe.TestShare" name="test_public_get_returns_404_after_unshare" time="0.149" /><testcase classname="backend.tests.test_share_and_subscribe.TestShare" name="test_reshare_keeps_same_share_id" time="0.052" /><testcase classname="backend.tests.test_share_and_subscribe.TestSubscriptionsConfig" name="test_config_returns_disabled_when_no_price_env" time="0.104" /><testcase classname="backend.tests.test_share_and_subscribe.TestSubscribe" name="test_subscribe_requires_auth" time="0.110" /><testcase classname="backend.tests.test_share_and_subscribe.TestSubscribe" name="test_subscribe_returns_501_when_not_configured" time="0.054" /><testcase classname="backend.tests.test_share_and_subscribe.TestSubscribe" name="test_subscribe_ultimate_also_501" time="0.048" /><testcase classname="backend.tests.test_share_and_subscribe.TestPortal" name="test_portal_requires_auth" time="0.114" /><testcase classname="backend.tests.test_share_and_subscribe.TestPortal" name="test_portal_reachable_no_500_code_bug" time="0.306" /></testsuite></testsuites>